[debug] [2024-02-03T21:06:12.962Z] ----------------------------------------------------------------------
[debug] [2024-02-03T21:06:12.964Z] Command:       /home/tomivillarruel/.nvm/versions/node/v20.5.1/bin/node /home/tomivillarruel/.nvm/versions/node/v20.5.1/bin/firebase deploy
[debug] [2024-02-03T21:06:12.965Z] CLI Version:   13.0.1
[debug] [2024-02-03T21:06:12.965Z] Platform:      linux
[debug] [2024-02-03T21:06:12.965Z] Node Version:  v20.5.1
[debug] [2024-02-03T21:06:12.965Z] Time:          Sat Feb 03 2024 18:06:12 GMT-0300 (Argentina Standard Time)
[debug] [2024-02-03T21:06:12.966Z] ----------------------------------------------------------------------
[debug] 
[debug] [2024-02-03T21:06:13.116Z] > command requires scopes: ["email","openid","https://www.googleapis.com/auth/cloudplatformprojects.readonly","https://www.googleapis.com/auth/firebase","https://www.googleapis.com/auth/cloud-platform"]
[debug] [2024-02-03T21:06:13.117Z] > authorizing via signed-in user (tomasvillarruel18@gmail.com)
[debug] [2024-02-03T21:06:13.117Z] [iam] checking project tomas-villarruel-portfolio for permissions ["firebase.projects.get","firebasehosting.sites.update"]
[debug] [2024-02-03T21:06:13.121Z] > refreshing access token with scopes: []
[debug] [2024-02-03T21:06:13.123Z] >>> [apiv2][query] POST https://www.googleapis.com/oauth2/v3/token [none]
[debug] [2024-02-03T21:06:13.124Z] >>> [apiv2][body] POST https://www.googleapis.com/oauth2/v3/token [omitted]
[debug] [2024-02-03T21:06:13.551Z] <<< [apiv2][status] POST https://www.googleapis.com/oauth2/v3/token 200
[debug] [2024-02-03T21:06:13.551Z] <<< [apiv2][body] POST https://www.googleapis.com/oauth2/v3/token [omitted]
[debug] [2024-02-03T21:06:13.573Z] >>> [apiv2][query] POST https://cloudresourcemanager.googleapis.com/v1/projects/tomas-villarruel-portfolio:testIamPermissions [none]
[debug] [2024-02-03T21:06:13.573Z] >>> [apiv2][(partial)header] POST https://cloudresourcemanager.googleapis.com/v1/projects/tomas-villarruel-portfolio:testIamPermissions x-goog-quota-user=projects/tomas-villarruel-portfolio
[debug] [2024-02-03T21:06:13.573Z] >>> [apiv2][body] POST https://cloudresourcemanager.googleapis.com/v1/projects/tomas-villarruel-portfolio:testIamPermissions {"permissions":["firebase.projects.get","firebasehosting.sites.update"]}
[debug] [2024-02-03T21:06:14.744Z] <<< [apiv2][status] POST https://cloudresourcemanager.googleapis.com/v1/projects/tomas-villarruel-portfolio:testIamPermissions 200
[debug] [2024-02-03T21:06:14.745Z] <<< [apiv2][body] POST https://cloudresourcemanager.googleapis.com/v1/projects/tomas-villarruel-portfolio:testIamPermissions {"permissions":["firebase.projects.get","firebasehosting.sites.update"]}
[debug] [2024-02-03T21:06:14.746Z] >>> [apiv2][query] GET https://firebase.googleapis.com/v1beta1/projects/tomas-villarruel-portfolio [none]
[debug] [2024-02-03T21:06:15.335Z] <<< [apiv2][status] GET https://firebase.googleapis.com/v1beta1/projects/tomas-villarruel-portfolio 200
[debug] [2024-02-03T21:06:15.336Z] <<< [apiv2][body] GET https://firebase.googleapis.com/v1beta1/projects/tomas-villarruel-portfolio {"projectId":"tomas-villarruel-portfolio","projectNumber":"353065162885","displayName":"Portfolio","name":"projects/tomas-villarruel-portfolio","resources":{"hostingSite":"tomas-villarruel-portfolio","realtimeDatabaseInstance":"tomas-villarruel-portfolio-default-rtdb","storageBucket":"tomas-villarruel-portfolio.appspot.com","locationId":"us-central"},"state":"ACTIVE","etag":"1_e05e2a02-1a65-41e0-9404-4f87001208f1"}
[info] 
[info] === Deploying to 'tomas-villarruel-portfolio'...
[info] 
[info] i  deploying hosting 
[debug] [2024-02-03T21:06:15.351Z] >>> [apiv2][query] POST https://firebasehosting.googleapis.com/v1beta1/projects/-/sites/tomas-villarruel-portfolio/versions [none]
[debug] [2024-02-03T21:06:15.352Z] >>> [apiv2][body] POST https://firebasehosting.googleapis.com/v1beta1/projects/-/sites/tomas-villarruel-portfolio/versions {"status":"CREATED","labels":{"deployment-tool":"cli-firebase"}}
[debug] [2024-02-03T21:06:17.019Z] <<< [apiv2][status] POST https://firebasehosting.googleapis.com/v1beta1/projects/-/sites/tomas-villarruel-portfolio/versions 200
[debug] [2024-02-03T21:06:17.019Z] <<< [apiv2][body] POST https://firebasehosting.googleapis.com/v1beta1/projects/-/sites/tomas-villarruel-portfolio/versions {"name":"projects/353065162885/sites/tomas-villarruel-portfolio/versions/bd409346ad8128d9","status":"CREATED","config":{},"labels":{"deployment-tool":"cli-firebase"}}
[info] i  hosting[tomas-villarruel-portfolio]: beginning deploy... 
[info] i  hosting[tomas-villarruel-portfolio]: found 39 files in dist/portfolio 
[debug] [2024-02-03T21:06:17.046Z] [hosting] uploading with 200 concurrency
[debug] [2024-02-03T21:06:17.603Z] [hosting] hash cache [ZGlzdC9wb3J0Zm9saW8] stored for 39 files
[debug] [2024-02-03T21:06:17.603Z] [hosting][hash queue][FINAL] {"max":531,"min":44,"avg":99.66666666666667,"active":0,"complete":39,"success":39,"errored":0,"retried":0,"total":39,"elapsed":549}
[debug] [2024-02-03T21:06:17.604Z] >>> [apiv2][query] POST https://firebasehosting.googleapis.com/v1beta1/projects/353065162885/sites/tomas-villarruel-portfolio/versions/bd409346ad8128d9:populateFiles [none]
[debug] [2024-02-03T21:06:17.604Z] >>> [apiv2][body] POST https://firebasehosting.googleapis.com/v1beta1/projects/353065162885/sites/tomas-villarruel-portfolio/versions/bd409346ad8128d9:populateFiles {"files":{"/3rdpartylicenses.txt":"57b2c5386b2da68617c36fbd6e9a4fe3ce28418cb453a26e78a963ec5e2ba754","/polyfills.ca552c1e6be276d0.js":"a7a881ea6d37017200288fba3e05d3b6bb4cff2a30d0a781ca0be718af232a82","/runtime.4780622838e52590.js":"6b9d472ff18f3268d6b62bcac0e391759bbb0bc4712840cdea2287d078bfa8be","/styles.8c6273f06b3f4cc8.css":"0c91ac0135e68aa11228837f6267fe68009f48ac5c1eeece9fffd0fb6d6aa349","/index.html":"9adc44f207e0b774aa713cfa52fecbe8555f42d8a0be8a99b6ce916d5d20d0b6","/favicon.ico":"32c3f0ecafdb0bf543ef364e0357fa82d801f4b33ab7807e761fe67ce47ef2f0","/assets/icons/discord.svg":"903599495c4fd2656370a5104214928488cfdde1b9152abb4ca4c78dcb8d09ac","/assets/icons/github.svg":"520b43951bf60e7cfef6b7cf32d6e4a0381bc69d04d13b17bfee6dd3a852ef2d","/assets/icons/linkedIn.svg":"b41373734c1ddcd9154e026194f095af3ebcdcd31abd78c6f7e2bcc4f921ae39","/assets/icons/send.svg":"34d5848c995803cfd00c2f7f02d807e2069b51ffca60a40f05d2d7229ef13b69","/assets/icons/svgs/angular.svg":"a604de5c84dc7314c6d1e601364ca394ade0987b285d2fff1e5da06c55abdc21","/assets/icons/svgs/astro.svg":"18ad3efa0a7dbbec9de69cc7791248235a44cc6381e32e40d25abf061bb5c8b2","/assets/icons/svgs/bootstrap.svg":"6be0450f465ae21eddf7ea3dd072ff53ec0e57f71ed7261c9b2530f186c068b8","/assets/icons/svgs/css.svg":"46c48ce7876afd3540424fe0ab9a9b31738e0706404c3c332376640783e09f67","/assets/icons/svgs/django.svg":"c65ac99963c7585f54c2d370282d26a4ff25aecfd51ae80b1dacbd0af7db30b7","/assets/icons/svgs/html.svg":"b6144628731be39c372569a30c3f0590505afd7fbbed61d44f036f2b064a41d1","/assets/icons/svgs/java.svg":"e91b6308e4d52462283d388b019f97aafe38e82ca12347df0b2a1ca63585c9cf","/assets/icons/svgs/mysql.svg":"9cee492f1bb77b13a3ad7732a12c902b2e305070079fa1f0cef5bad9305536c0","/assets/icons/svgs/php.svg":"13aa422a716aa8226cb2b31eaebec6b26add68914ff687a1d41f59450959adb0","/assets/icons/svgs/python.svg":"a476fcc6ce4da9fc17dc1851e4d0c8116fa9cc6f610a0c5c8fd59501a6de53b9","/assets/icons/svgs/react.svg":"ed29c65858062204b2fcdd4d316a1f53abc3424838b8c710d933fcae0819ff08","/assets/icons/svgs/tailwind.svg":"694964ae693b391263744255e5058c63f78cc7d33e8cb46b9809d0fbccdc89b5","/assets/icons/copy.svg":"1c11b7d20915b4c5dfa366d26ee68b527f7805da8578fe269ea78065f083134b","/assets/img/icons/branch.png":"32c3f0ecafdb0bf543ef364e0357fa82d801f4b33ab7807e761fe67ce47ef2f0","/assets/icons/svgs/javascript.svg":"5560e50b52d33df6ef4a221820ed74c17b322f50f9bc77bfbe5c67a8108c2e35","/assets/img/icons/github-white.png":"bfd8ee4688af3f0a642cb88bb231e93baa7be5caae1fc1235c76b485e7cd5f7f","/assets/img/icons/folder.png":"1e750607068b78b6b41b56a021545aa3d966c03c9e89ef0bdff28cbeb70d091b","/assets/img/icons/tesseract.png":"e0e5891190acb894ffaf7dc7cb6176f56d45346604a05690f1533970c7075a3a","/assets/img/icons/github.png":"405fbf120a3145d7be9376f2537ebf1e561ce831dc7d519bd9c5bfc65dfd55de","/assets/img/icons/linkedin.png":"50d7085584feebd508699c475a58d701dbc19303c4240b37223f339128d800d1","/assets/icons/svgs/typescript.svg":"e81484a93f408650aaf56d72c5d8ee97192995d832a9400ec674154c2978c482","/assets/img/icons/link.png":"f187a5239c5ec85c554ef812e99847f97cab5352c8b37c1d6ae0c1cb1bb3e33c","/main.86e72aff0af58c2c.js":"b1a041cafb85a1cd9a429fab6d36e8a3dbf1eff2903c8cac642a0fb41a599611","/assets/tomasvillarruelCV.pdf":"6cb0c583b3049e65514c86d29dba8fb3b25ba3bb632a32935db3764751262dcc","/assets/projects/reelverse.png":"3c26ec18fc5b232d43fe8d708dd569a265dfc001c79c0107a6573763e321057b","/assets/img/tomas.png":"44eabfea524b9572eb32507507b2715130c8dc0de3e06436824cab41d2008669","/assets/projects/mxkmexikorestaurantebar.png":"b2c663712a33c5e78da9b71267bba757c824f842c30c6497efae905d34515b86","/assets/projects/teslalandingpage.png":"3496a8196320fc99d66f7385baf380310000690eab620a7e8bac984b3e85ecde","/assets/projects/lacomision5.png":"60addd62cdd23a20a6809d067e3b4d8ce42007ef266ac9d4f77e2b9ff112b900"}}
